\BOOKMARK [1][-]{section.1}{Introduction}{}% 1
\BOOKMARK [1][-]{section.2}{Background}{}% 2
\BOOKMARK [2][-]{subsection.2.1}{KV-store Design Overview}{section.2}% 3
\BOOKMARK [2][-]{subsection.2.2}{Consistency model}{section.2}% 4
\BOOKMARK [1][-]{section.3}{View Maintenance System}{}% 5
\BOOKMARK [2][-]{subsection.3.1}{Design Overview}{section.3}% 6
\BOOKMARK [2][-]{subsection.3.2}{Update Propagation}{section.3}% 7
\BOOKMARK [2][-]{subsection.3.3}{Consistency}{section.3}% 8
\BOOKMARK [3][-]{subsubsection.3.3.1}{Exactly once property}{subsection.3.3}% 9
\BOOKMARK [3][-]{subsubsection.3.3.2}{Atomic view record update}{subsection.3.3}% 10
\BOOKMARK [3][-]{subsubsection.3.3.3}{Record timeline}{subsection.3.3}% 11
\BOOKMARK [3][-]{subsubsection.3.3.4}{Conclusion}{subsection.3.3}% 12
\BOOKMARK [3][-]{subsubsection.3.3.5}{Nested constructions}{subsection.3.3}% 13
\BOOKMARK [1][-]{section.4}{View Maintenance Concept}{}% 14
\BOOKMARK [2][-]{subsection.4.1}{Auxiliary views}{section.4}% 15
\BOOKMARK [2][-]{subsection.4.2}{Standard views}{section.4}% 16
\BOOKMARK [2][-]{subsection.4.3}{View composition}{section.4}% 17
\BOOKMARK [1][-]{section.5}{Evaluation}{}% 18
\BOOKMARK [1][-]{section.6}{Related Work}{}% 19
\BOOKMARK [1][-]{section.7}{Conclusions}{}% 20
\BOOKMARK [1][-]{section.8}{References}{}% 21
